build/app/intermediates/manifest_merge_blame_file/release/manifest-merger-blame-release-report.txt
1<?xml version="1.0" encoding="utf-8"?>
2<manifest xmlns:android="http://schemas.android.com/apk/res/android"
3    package="com.example.gyalcuser_project"
4    android:versionCode="1"
5    android:versionName="1.0.0" >
6
7    <uses-sdk
8        android:minSdkVersion="21"
8-->src\main\AndroidManifest.xml
9        android:targetSdkVersion="31" />
9-->src\main\AndroidManifest.xml
10
11    <!-- Permissions options for the `location` group -->
12    <uses-permission android:name="android.permission.ACCESS_FINE_LOCATION" />
12-->src\main\AndroidManifest.xml:5:5-79
12-->src\main\AndroidManifest.xml:5:22-76
13    <uses-permission android:name="android.permission.QUERY_ALL_PACKAGES" />
13-->src\main\AndroidManifest.xml:6:5-76
13-->src\main\AndroidManifest.xml:6:22-74
14
15    <queries>
15-->src\main\AndroidManifest.xml:7:5-20:15
16        <intent>
16-->src\main\AndroidManifest.xml:8:9-11:18
17            <action android:name="android.intent.action.VIEW" />
17-->src\main\AndroidManifest.xml:9:13-65
17-->src\main\AndroidManifest.xml:9:21-62
18
19            <data android:scheme="https" />
19-->src\main\AndroidManifest.xml:10:13-44
19-->src\main\AndroidManifest.xml:10:19-41
20        </intent>
21        <intent>
21-->src\main\AndroidManifest.xml:12:9-15:18
22            <action android:name="android.intent.action.DIAL" />
22-->src\main\AndroidManifest.xml:13:13-65
22-->src\main\AndroidManifest.xml:13:21-62
23
24            <data android:scheme="tel" />
24-->src\main\AndroidManifest.xml:10:13-44
24-->src\main\AndroidManifest.xml:10:19-41
25        </intent>
26        <intent>
26-->src\main\AndroidManifest.xml:16:9-19:18
27            <action android:name="android.intent.action.SEND" />
27-->src\main\AndroidManifest.xml:17:13-65
27-->src\main\AndroidManifest.xml:17:21-62
28
29            <data android:mimeType="*/*" />
29-->src\main\AndroidManifest.xml:10:13-44
29-->src\main\AndroidManifest.xml:18:19-41
30        </intent>
31        <!-- Needs to be explicitly declared on Android R+ -->
32        <package android:name="com.google.android.apps.maps" />
32-->[com.google.android.gms:play-services-maps:18.1.0] AndroidManifest.xml:33:9-64
32-->[com.google.android.gms:play-services-maps:18.1.0] AndroidManifest.xml:33:18-61
33    </queries>
34
35    <uses-permission android:name="android.permission.INTERNET" />
35-->[:firebase_messaging] AndroidManifest.xml:7:5-67
35-->[:firebase_messaging] AndroidManifest.xml:7:22-64
36    <uses-permission android:name="android.permission.WAKE_LOCK" />
36-->[:firebase_messaging] AndroidManifest.xml:8:5-68
36-->[:firebase_messaging] AndroidManifest.xml:8:22-65
37    <uses-permission android:name="android.permission.ACCESS_NETWORK_STATE" /> <!-- Permissions options for the `notification` group -->
37-->[:firebase_messaging] AndroidManifest.xml:9:5-79
37-->[:firebase_messaging] AndroidManifest.xml:9:22-76
38    <uses-permission android:name="android.permission.POST_NOTIFICATIONS" />
38-->[:firebase_messaging] AndroidManifest.xml:11:5-77
38-->[:firebase_messaging] AndroidManifest.xml:11:22-74
39    <uses-permission android:name="android.permission.FOREGROUND_SERVICE" />
39-->[:geolocator_android] AndroidManifest.xml:7:5-77
39-->[:geolocator_android] AndroidManifest.xml:7:22-74
40    <uses-permission android:name="android.permission.RECEIVE_BOOT_COMPLETED" />
40-->[:flutter_local_notifications] AndroidManifest.xml:7:5-81
40-->[:flutter_local_notifications] AndroidManifest.xml:7:22-78
41    <uses-permission android:name="android.permission.VIBRATE" />
41-->[:flutter_local_notifications] AndroidManifest.xml:8:5-66
41-->[:flutter_local_notifications] AndroidManifest.xml:8:22-63
42    <uses-permission android:name="android.permission.USE_FULL_SCREEN_INTENT" />
42-->[:flutter_local_notifications] AndroidManifest.xml:9:5-81
42-->[:flutter_local_notifications] AndroidManifest.xml:9:22-78
43    <uses-permission android:name="android.permission.ACCESS_COARSE_LOCATION" /> <!-- Required by older versions of Google Play services to create IID tokens -->
43-->[:location] AndroidManifest.xml:7:5-81
43-->[:location] AndroidManifest.xml:7:22-78
44    <uses-permission android:name="com.google.android.c2dm.permission.RECEIVE" />
44-->[com.google.firebase:firebase-messaging:23.1.0] AndroidManifest.xml:28:5-82
44-->[com.google.firebase:firebase-messaging:23.1.0] AndroidManifest.xml:28:22-79
45
46    <uses-feature
46-->[com.google.android.gms:play-services-maps:18.1.0] AndroidManifest.xml:26:5-28:35
47        android:glEsVersion="0x00020000"
47-->[com.google.android.gms:play-services-maps:18.1.0] AndroidManifest.xml:27:9-41
48        android:required="true" /> <!-- for android -->
48-->[com.google.android.gms:play-services-maps:18.1.0] AndroidManifest.xml:28:9-32
49    <!-- <uses-permission android:name="com.android.launcher.permission.READ_SETTINGS"/> -->
50    <!-- <uses-permission android:name="com.android.launcher.permission.WRITE_SETTINGS"/> -->
51    <!-- <uses-permission android:name="com.android.launcher.permission.INSTALL_SHORTCUT" /> -->
52    <!-- <uses-permission android:name="com.android.launcher.permission.UNINSTALL_SHORTCUT" /> -->
53    <!-- for Samsung -->
54    <uses-permission android:name="com.sec.android.provider.badge.permission.READ" />
54-->[me.leolin:ShortcutBadger:1.1.22] AndroidManifest.xml:19:5-86
54-->[me.leolin:ShortcutBadger:1.1.22] AndroidManifest.xml:19:22-83
55    <uses-permission android:name="com.sec.android.provider.badge.permission.WRITE" /> <!-- for htc -->
55-->[me.leolin:ShortcutBadger:1.1.22] AndroidManifest.xml:20:5-87
55-->[me.leolin:ShortcutBadger:1.1.22] AndroidManifest.xml:20:22-84
56    <uses-permission android:name="com.htc.launcher.permission.READ_SETTINGS" />
56-->[me.leolin:ShortcutBadger:1.1.22] AndroidManifest.xml:23:5-81
56-->[me.leolin:ShortcutBadger:1.1.22] AndroidManifest.xml:23:22-78
57    <uses-permission android:name="com.htc.launcher.permission.UPDATE_SHORTCUT" /> <!-- for sony -->
57-->[me.leolin:ShortcutBadger:1.1.22] AndroidManifest.xml:24:5-83
57-->[me.leolin:ShortcutBadger:1.1.22] AndroidManifest.xml:24:22-80
58    <uses-permission android:name="com.sonyericsson.home.permission.BROADCAST_BADGE" />
58-->[me.leolin:ShortcutBadger:1.1.22] AndroidManifest.xml:27:5-88
58-->[me.leolin:ShortcutBadger:1.1.22] AndroidManifest.xml:27:22-85
59    <uses-permission android:name="com.sonymobile.home.permission.PROVIDER_INSERT_BADGE" /> <!-- for apex -->
59-->[me.leolin:ShortcutBadger:1.1.22] AndroidManifest.xml:28:5-92
59-->[me.leolin:ShortcutBadger:1.1.22] AndroidManifest.xml:28:22-89
60    <uses-permission android:name="com.anddoes.launcher.permission.UPDATE_COUNT" /> <!-- for solid -->
60-->[me.leolin:ShortcutBadger:1.1.22] AndroidManifest.xml:31:5-84
60-->[me.leolin:ShortcutBadger:1.1.22] AndroidManifest.xml:31:22-81
61    <uses-permission android:name="com.majeur.launcher.permission.UPDATE_BADGE" /> <!-- for huawei -->
61-->[me.leolin:ShortcutBadger:1.1.22] AndroidManifest.xml:34:5-83
61-->[me.leolin:ShortcutBadger:1.1.22] AndroidManifest.xml:34:22-80
62    <uses-permission android:name="com.huawei.android.launcher.permission.CHANGE_BADGE" />
62-->[me.leolin:ShortcutBadger:1.1.22] AndroidManifest.xml:37:5-91
62-->[me.leolin:ShortcutBadger:1.1.22] AndroidManifest.xml:37:22-88
63    <uses-permission android:name="com.huawei.android.launcher.permission.READ_SETTINGS" />
63-->[me.leolin:ShortcutBadger:1.1.22] AndroidManifest.xml:38:5-92
63-->[me.leolin:ShortcutBadger:1.1.22] AndroidManifest.xml:38:22-89
64    <uses-permission android:name="com.huawei.android.launcher.permission.WRITE_SETTINGS" /> <!-- for ZUK -->
64-->[me.leolin:ShortcutBadger:1.1.22] AndroidManifest.xml:39:5-93
64-->[me.leolin:ShortcutBadger:1.1.22] AndroidManifest.xml:39:22-90
65    <uses-permission android:name="android.permission.READ_APP_BADGE" /> <!-- for OPPO -->
65-->[me.leolin:ShortcutBadger:1.1.22] AndroidManifest.xml:42:5-73
65-->[me.leolin:ShortcutBadger:1.1.22] AndroidManifest.xml:42:22-70
66    <uses-permission android:name="com.oppo.launcher.permission.READ_SETTINGS" />
66-->[me.leolin:ShortcutBadger:1.1.22] AndroidManifest.xml:45:5-82
66-->[me.leolin:ShortcutBadger:1.1.22] AndroidManifest.xml:45:22-79
67    <uses-permission android:name="com.oppo.launcher.permission.WRITE_SETTINGS" /> <!-- for EvMe -->
67-->[me.leolin:ShortcutBadger:1.1.22] AndroidManifest.xml:46:5-83
67-->[me.leolin:ShortcutBadger:1.1.22] AndroidManifest.xml:46:22-80
68    <uses-permission android:name="me.everything.badger.permission.BADGE_COUNT_READ" />
68-->[me.leolin:ShortcutBadger:1.1.22] AndroidManifest.xml:49:5-88
68-->[me.leolin:ShortcutBadger:1.1.22] AndroidManifest.xml:49:22-85
69    <uses-permission android:name="me.everything.badger.permission.BADGE_COUNT_WRITE" />
69-->[me.leolin:ShortcutBadger:1.1.22] AndroidManifest.xml:50:5-89
69-->[me.leolin:ShortcutBadger:1.1.22] AndroidManifest.xml:50:22-86
70
71    <application
72        android:name="android.app.Application"
72-->src\main\AndroidManifest.xml:23:9-42
73        android:appComponentFactory="androidx.core.app.CoreComponentFactory"
73-->[androidx.core:core:1.8.0] AndroidManifest.xml:24:18-86
74        android:icon="@mipmap/launcher_icon"
74-->src\main\AndroidManifest.xml:24:9-45
75        android:label="Gyalc Customer" >
75-->src\main\AndroidManifest.xml:22:9-39
76        <activity
76-->src\main\AndroidManifest.xml:25:9-45:20
77            android:name="com.example.gyalcuser_project.MainActivity"
77-->src\main\AndroidManifest.xml:26:13-41
78            android:configChanges="orientation|keyboardHidden|keyboard|screenSize|smallestScreenSize|locale|layoutDirection|fontScale|screenLayout|density|uiMode"
78-->src\main\AndroidManifest.xml:30:13-163
79            android:exported="true"
79-->src\main\AndroidManifest.xml:27:13-36
80            android:hardwareAccelerated="true"
80-->src\main\AndroidManifest.xml:31:13-47
81            android:launchMode="singleTop"
81-->src\main\AndroidManifest.xml:28:13-43
82            android:theme="@style/LaunchTheme"
82-->src\main\AndroidManifest.xml:29:13-47
83            android:windowSoftInputMode="adjustResize" >
83-->src\main\AndroidManifest.xml:32:13-55
84
85            <!--
86                 Specifies an Android theme to apply to this Activity as soon as
87                 the Android process has started. This theme is visible to the user
88                 while the Flutter UI initializes. After that, this theme continues
89                 to determine the Window background behind the Flutter UI.
90            -->
91            <meta-data
91-->src\main\AndroidManifest.xml:37:13-40:17
92                android:name="io.flutter.embedding.android.NormalTheme"
92-->src\main\AndroidManifest.xml:38:15-70
93                android:resource="@style/NormalTheme" />
93-->src\main\AndroidManifest.xml:39:15-52
94
95            <intent-filter>
95-->src\main\AndroidManifest.xml:41:13-44:29
96                <action android:name="android.intent.action.MAIN" />
96-->src\main\AndroidManifest.xml:42:17-68
96-->src\main\AndroidManifest.xml:42:25-66
97
98                <category android:name="android.intent.category.LAUNCHER" />
98-->src\main\AndroidManifest.xml:43:17-76
98-->src\main\AndroidManifest.xml:43:27-74
99            </intent-filter>
100        </activity>
101        <activity
101-->src\main\AndroidManifest.xml:46:9-49:67
102            android:name="com.yalantis.ucrop.UCropActivity"
102-->src\main\AndroidManifest.xml:47:9-56
103            android:screenOrientation="portrait"
103-->src\main\AndroidManifest.xml:48:9-45
104            android:theme="@style/Theme.AppCompat.Light.NoActionBar" />
104-->src\main\AndroidManifest.xml:49:9-65
105        <!--
106             Don't delete the meta-data below.
107             This is used by the Flutter tool to generate GeneratedPluginRegistrant.java
108        -->
109        <meta-data
109-->src\main\AndroidManifest.xml:52:9-54:33
110            android:name="flutterEmbedding"
110-->src\main\AndroidManifest.xml:53:13-44
111            android:value="2" />
111-->src\main\AndroidManifest.xml:54:13-30
112        <meta-data
112-->src\main\AndroidManifest.xml:55:8-56:69
113            android:name="com.google.android.geo.API_KEY"
113-->src\main\AndroidManifest.xml:55:19-64
114            android:value="AIzaSyBsqPoik0Rgr0RgUoEWLBqlKl1ujj-bZPI" />
114-->src\main\AndroidManifest.xml:56:12-67
115
116        <service
116-->[:firebase_messaging] AndroidManifest.xml:14:9-17:72
117            android:name="io.flutter.plugins.firebase.messaging.FlutterFirebaseMessagingBackgroundService"
117-->[:firebase_messaging] AndroidManifest.xml:15:13-107
118            android:exported="false"
118-->[:firebase_messaging] AndroidManifest.xml:16:13-37
119            android:permission="android.permission.BIND_JOB_SERVICE" />
119-->[:firebase_messaging] AndroidManifest.xml:17:13-69
120        <service
120-->[:firebase_messaging] AndroidManifest.xml:18:9-24:19
121            android:name="io.flutter.plugins.firebase.messaging.FlutterFirebaseMessagingService"
121-->[:firebase_messaging] AndroidManifest.xml:19:13-97
122            android:exported="false" >
122-->[:firebase_messaging] AndroidManifest.xml:20:13-37
123            <intent-filter>
123-->[:firebase_messaging] AndroidManifest.xml:21:13-23:29
124                <action android:name="com.google.firebase.MESSAGING_EVENT" />
124-->[:firebase_messaging] AndroidManifest.xml:22:17-78
124-->[:firebase_messaging] AndroidManifest.xml:22:25-75
125            </intent-filter>
126        </service>
127
128        <receiver
128-->[:firebase_messaging] AndroidManifest.xml:26:9-33:20
129            android:name="io.flutter.plugins.firebase.messaging.FlutterFirebaseMessagingReceiver"
129-->[:firebase_messaging] AndroidManifest.xml:27:13-98
130            android:exported="true"
130-->[:firebase_messaging] AndroidManifest.xml:28:13-36
131            android:permission="com.google.android.c2dm.permission.SEND" >
131-->[:firebase_messaging] AndroidManifest.xml:29:13-73
132            <intent-filter>
132-->[:firebase_messaging] AndroidManifest.xml:30:13-32:29
133                <action android:name="com.google.android.c2dm.intent.RECEIVE" />
133-->[:firebase_messaging] AndroidManifest.xml:31:17-81
133-->[:firebase_messaging] AndroidManifest.xml:31:25-78
134            </intent-filter>
135        </receiver>
136
137        <service
137-->[:firebase_messaging] AndroidManifest.xml:35:9-39:19
138            android:name="com.google.firebase.components.ComponentDiscoveryService"
138-->[:firebase_messaging] AndroidManifest.xml:35:18-89
139            android:directBootAware="true"
139-->[com.google.firebase:firebase-common:20.2.0] AndroidManifest.xml:34:13-43
140            android:exported="false" >
140-->[com.google.firebase:firebase-messaging:23.1.0] AndroidManifest.xml:54:13-37
141            <meta-data
141-->[:firebase_messaging] AndroidManifest.xml:36:13-38:85
142                android:name="com.google.firebase.components:io.flutter.plugins.firebase.messaging.FlutterFirebaseAppRegistrar"
142-->[:firebase_messaging] AndroidManifest.xml:37:17-128
143                android:value="com.google.firebase.components.ComponentRegistrar" />
143-->[:firebase_messaging] AndroidManifest.xml:38:17-82
144            <meta-data
144-->[:cloud_firestore] AndroidManifest.xml:9:13-11:85
145                android:name="com.google.firebase.components:io.flutter.plugins.firebase.firestore.FlutterFirebaseFirestoreRegistrar"
145-->[:cloud_firestore] AndroidManifest.xml:10:17-134
146                android:value="com.google.firebase.components.ComponentRegistrar" />
146-->[:cloud_firestore] AndroidManifest.xml:11:17-82
147            <meta-data
147-->[:firebase_auth] AndroidManifest.xml:9:13-11:85
148                android:name="com.google.firebase.components:io.flutter.plugins.firebase.auth.FlutterFirebaseAuthRegistrar"
148-->[:firebase_auth] AndroidManifest.xml:10:17-124
149                android:value="com.google.firebase.components.ComponentRegistrar" />
149-->[:firebase_auth] AndroidManifest.xml:11:17-82
150            <meta-data
150-->[:firebase_storage] AndroidManifest.xml:9:13-11:85
151                android:name="com.google.firebase.components:io.flutter.plugins.firebase.storage.FlutterFirebaseAppRegistrar"
151-->[:firebase_storage] AndroidManifest.xml:10:17-126
152                android:value="com.google.firebase.components.ComponentRegistrar" />
152-->[:firebase_storage] AndroidManifest.xml:11:17-82
153            <meta-data
153-->[:firebase_core] AndroidManifest.xml:9:13-11:85
154                android:name="com.google.firebase.components:io.flutter.plugins.firebase.core.FlutterFirebaseCoreRegistrar"
154-->[:firebase_core] AndroidManifest.xml:10:17-124
155                android:value="com.google.firebase.components.ComponentRegistrar" />
155-->[:firebase_core] AndroidManifest.xml:11:17-82
156            <meta-data
156-->[com.google.firebase:firebase-messaging:23.1.0] AndroidManifest.xml:55:13-57:85
157                android:name="com.google.firebase.components:com.google.firebase.messaging.FirebaseMessagingRegistrar"
157-->[com.google.firebase:firebase-messaging:23.1.0] AndroidManifest.xml:56:17-119
158                android:value="com.google.firebase.components.ComponentRegistrar" />
158-->[com.google.firebase:firebase-messaging:23.1.0] AndroidManifest.xml:57:17-82
159            <meta-data
159-->[com.google.firebase:firebase-datatransport:18.1.7] AndroidManifest.xml:27:13-29:85
160                android:name="com.google.firebase.components:com.google.firebase.datatransport.TransportRegistrar"
160-->[com.google.firebase:firebase-datatransport:18.1.7] AndroidManifest.xml:28:17-115
161                android:value="com.google.firebase.components.ComponentRegistrar" />
161-->[com.google.firebase:firebase-datatransport:18.1.7] AndroidManifest.xml:29:17-82
162            <meta-data
162-->[com.google.firebase:firebase-auth:21.1.0] AndroidManifest.xml:67:13-69:85
163                android:name="com.google.firebase.components:com.google.firebase.auth.FirebaseAuthRegistrar"
163-->[com.google.firebase:firebase-auth:21.1.0] AndroidManifest.xml:68:17-109
164                android:value="com.google.firebase.components.ComponentRegistrar" />
164-->[com.google.firebase:firebase-auth:21.1.0] AndroidManifest.xml:69:17-82
165            <meta-data
165-->[com.google.firebase:firebase-iid:21.1.0] AndroidManifest.xml:32:13-34:85
166                android:name="com.google.firebase.components:com.google.firebase.iid.Registrar"
166-->[com.google.firebase:firebase-iid:21.1.0] AndroidManifest.xml:33:17-96
167                android:value="com.google.firebase.components.ComponentRegistrar" />
167-->[com.google.firebase:firebase-iid:21.1.0] AndroidManifest.xml:34:17-82
168            <meta-data
168-->[com.google.firebase:firebase-firestore:24.4.0] AndroidManifest.xml:19:13-21:85
169                android:name="com.google.firebase.components:com.google.firebase.firestore.FirestoreRegistrar"
169-->[com.google.firebase:firebase-firestore:24.4.0] AndroidManifest.xml:20:17-111
170                android:value="com.google.firebase.components.ComponentRegistrar" />
170-->[com.google.firebase:firebase-firestore:24.4.0] AndroidManifest.xml:21:17-82
171            <meta-data
171-->[com.google.firebase:firebase-storage:20.1.0] AndroidManifest.xml:32:13-34:85
172                android:name="com.google.firebase.components:com.google.firebase.storage.StorageRegistrar"
172-->[com.google.firebase:firebase-storage:20.1.0] AndroidManifest.xml:33:17-107
173                android:value="com.google.firebase.components.ComponentRegistrar" />
173-->[com.google.firebase:firebase-storage:20.1.0] AndroidManifest.xml:34:17-82
174            <meta-data
174-->[com.google.firebase:firebase-installations:17.1.0] AndroidManifest.xml:17:13-19:85
175                android:name="com.google.firebase.components:com.google.firebase.installations.FirebaseInstallationsRegistrar"
175-->[com.google.firebase:firebase-installations:17.1.0] AndroidManifest.xml:18:17-127
176                android:value="com.google.firebase.components.ComponentRegistrar" />
176-->[com.google.firebase:firebase-installations:17.1.0] AndroidManifest.xml:19:17-82
177        </service>
178
179        <provider
179-->[:firebase_messaging] AndroidManifest.xml:41:9-45:38
180            android:name="io.flutter.plugins.firebase.messaging.FlutterFirebaseMessagingInitProvider"
180-->[:firebase_messaging] AndroidManifest.xml:42:13-102
181            android:authorities="com.example.gyalcuser_project.flutterfirebasemessaginginitprovider"
181-->[:firebase_messaging] AndroidManifest.xml:43:13-88
182            android:exported="false"
182-->[:firebase_messaging] AndroidManifest.xml:44:13-37
183            android:initOrder="99" />
183-->[:firebase_messaging] AndroidManifest.xml:45:13-35
184
185        <service
185-->[:geolocator_android] AndroidManifest.xml:10:9-14:56
186            android:name="com.baseflow.geolocator.GeolocatorLocationService"
186-->[:geolocator_android] AndroidManifest.xml:11:13-77
187            android:enabled="true"
187-->[:geolocator_android] AndroidManifest.xml:12:13-35
188            android:exported="false"
188-->[:geolocator_android] AndroidManifest.xml:13:13-37
189            android:foregroundServiceType="location" />
189-->[:geolocator_android] AndroidManifest.xml:14:13-53
190
191        <receiver android:name="com.dexterous.flutterlocalnotifications.ScheduledNotificationReceiver" />
191-->[:flutter_local_notifications] AndroidManifest.xml:12:9-106
191-->[:flutter_local_notifications] AndroidManifest.xml:12:19-103
192        <receiver android:name="com.dexterous.flutterlocalnotifications.ScheduledNotificationBootReceiver" >
192-->[:flutter_local_notifications] AndroidManifest.xml:13:9-20:20
192-->[:flutter_local_notifications] AndroidManifest.xml:13:19-107
193            <intent-filter>
193-->[:flutter_local_notifications] AndroidManifest.xml:14:13-19:29
194                <action android:name="android.intent.action.BOOT_COMPLETED" />
194-->[:flutter_local_notifications] AndroidManifest.xml:15:17-79
194-->[:flutter_local_notifications] AndroidManifest.xml:15:25-76
195                <action android:name="android.intent.action.MY_PACKAGE_REPLACED" />
195-->[:flutter_local_notifications] AndroidManifest.xml:16:17-84
195-->[:flutter_local_notifications] AndroidManifest.xml:16:25-81
196                <action android:name="android.intent.action.QUICKBOOT_POWERON" />
196-->[:flutter_local_notifications] AndroidManifest.xml:17:17-82
196-->[:flutter_local_notifications] AndroidManifest.xml:17:25-79
197                <action android:name="com.htc.intent.action.QUICKBOOT_POWERON" />
197-->[:flutter_local_notifications] AndroidManifest.xml:18:17-82
197-->[:flutter_local_notifications] AndroidManifest.xml:18:25-79
198            </intent-filter>
199        </receiver>
200
201        <provider
201-->[:image_picker_android] AndroidManifest.xml:8:9-16:20
202            android:name="io.flutter.plugins.imagepicker.ImagePickerFileProvider"
202-->[:image_picker_android] AndroidManifest.xml:9:13-82
203            android:authorities="com.example.gyalcuser_project.flutter.image_provider"
203-->[:image_picker_android] AndroidManifest.xml:10:13-74
204            android:exported="false"
204-->[:image_picker_android] AndroidManifest.xml:11:13-37
205            android:grantUriPermissions="true" >
205-->[:image_picker_android] AndroidManifest.xml:12:13-47
206            <meta-data
206-->[:image_picker_android] AndroidManifest.xml:13:13-15:75
207                android:name="android.support.FILE_PROVIDER_PATHS"
207-->[:image_picker_android] AndroidManifest.xml:14:17-67
208                android:resource="@xml/flutter_image_picker_file_paths" />
208-->[:image_picker_android] AndroidManifest.xml:15:17-72
209        </provider>
210
211        <receiver
211-->[:awesome_notifications] AndroidManifest.xml:11:9-13:40
212            android:name="me.carda.awesome_notifications.notifications.broadcastReceivers.DismissedNotificationReceiver"
212-->[:awesome_notifications] AndroidManifest.xml:12:13-121
213            android:exported="false" />
213-->[:awesome_notifications] AndroidManifest.xml:13:13-37
214        <receiver
214-->[:awesome_notifications] AndroidManifest.xml:14:9-16:40
215            android:name="me.carda.awesome_notifications.notifications.broadcastReceivers.ScheduledNotificationReceiver"
215-->[:awesome_notifications] AndroidManifest.xml:15:13-121
216            android:exported="false" />
216-->[:awesome_notifications] AndroidManifest.xml:16:13-37
217        <receiver
217-->[:awesome_notifications] AndroidManifest.xml:17:9-19:40
218            android:name="me.carda.awesome_notifications.notifications.broadcastReceivers.KeepOnTopActionReceiver"
218-->[:awesome_notifications] AndroidManifest.xml:18:13-115
219            android:exported="false" />
219-->[:awesome_notifications] AndroidManifest.xml:19:13-37
220        <receiver
220-->[:awesome_notifications] AndroidManifest.xml:20:9-33:20
221            android:name="me.carda.awesome_notifications.notifications.broadcastReceivers.RefreshSchedulesReceiver"
221-->[:awesome_notifications] AndroidManifest.xml:21:13-116
222            android:exported="false" >
222-->[:awesome_notifications] AndroidManifest.xml:22:13-37
223            <intent-filter>
223-->[:awesome_notifications] AndroidManifest.xml:23:13-32:29
224                <category android:name="android.intent.category.DEFAULT" />
224-->[:awesome_notifications] AndroidManifest.xml:24:17-76
224-->[:awesome_notifications] AndroidManifest.xml:24:27-73
225
226                <action android:name="android.intent.action.BOOT_COMPLETED" />
226-->[:flutter_local_notifications] AndroidManifest.xml:15:17-79
226-->[:flutter_local_notifications] AndroidManifest.xml:15:25-76
227                <action android:name="android.intent.action.LOCKED_BOOT_COMPLETED" />
227-->[:awesome_notifications] AndroidManifest.xml:27:17-86
227-->[:awesome_notifications] AndroidManifest.xml:27:25-83
228                <action android:name="android.intent.action.MY_PACKAGE_REPLACED" />
228-->[:flutter_local_notifications] AndroidManifest.xml:16:17-84
228-->[:flutter_local_notifications] AndroidManifest.xml:16:25-81
229                <action android:name="android.intent.action.QUICKBOOT_POWERON" />
229-->[:flutter_local_notifications] AndroidManifest.xml:17:17-82
229-->[:flutter_local_notifications] AndroidManifest.xml:17:25-79
230                <action android:name="com.htc.intent.action.QUICKBOOT_POWERON" />
230-->[:flutter_local_notifications] AndroidManifest.xml:18:17-82
230-->[:flutter_local_notifications] AndroidManifest.xml:18:25-79
231                <action android:name="android.app.action.SCHEDULE_EXACT_ALARM_PERMISSION_STATE_CHANGED" />
231-->[:awesome_notifications] AndroidManifest.xml:31:17-107
231-->[:awesome_notifications] AndroidManifest.xml:31:25-104
232            </intent-filter>
233        </receiver>
234
235        <activity
235-->[:url_launcher_android] AndroidManifest.xml:8:9-11:74
236            android:name="io.flutter.plugins.urllauncher.WebViewActivity"
236-->[:url_launcher_android] AndroidManifest.xml:9:13-74
237            android:exported="false"
237-->[:url_launcher_android] AndroidManifest.xml:10:13-37
238            android:theme="@android:style/Theme.NoTitleBar.Fullscreen" />
238-->[:url_launcher_android] AndroidManifest.xml:11:13-71
239
240        <service
240-->[:location] AndroidManifest.xml:11:9-15:56
241            android:name="com.lyokone.location.FlutterLocationService"
241-->[:location] AndroidManifest.xml:12:13-71
242            android:enabled="true"
242-->[:location] AndroidManifest.xml:13:13-35
243            android:exported="false"
243-->[:location] AndroidManifest.xml:14:13-37
244            android:foregroundServiceType="location" />
244-->[:location] AndroidManifest.xml:15:13-53
245
246        <uses-library
246-->[androidx.window:window:1.0.0-beta04] AndroidManifest.xml:25:9-27:40
247            android:name="androidx.window.extensions"
247-->[androidx.window:window:1.0.0-beta04] AndroidManifest.xml:26:13-54
248            android:required="false" />
248-->[androidx.window:window:1.0.0-beta04] AndroidManifest.xml:27:13-37
249        <uses-library
249-->[androidx.window:window:1.0.0-beta04] AndroidManifest.xml:28:9-30:40
250            android:name="androidx.window.sidecar"
250-->[androidx.window:window:1.0.0-beta04] AndroidManifest.xml:29:13-51
251            android:required="false" />
251-->[androidx.window:window:1.0.0-beta04] AndroidManifest.xml:30:13-37
252
253        <receiver
253-->[com.google.firebase:firebase-messaging:23.1.0] AndroidManifest.xml:31:9-38:20
254            android:name="com.google.firebase.iid.FirebaseInstanceIdReceiver"
254-->[com.google.firebase:firebase-messaging:23.1.0] AndroidManifest.xml:32:13-78
255            android:exported="true"
255-->[com.google.firebase:firebase-messaging:23.1.0] AndroidManifest.xml:33:13-36
256            android:permission="com.google.android.c2dm.permission.SEND" >
256-->[com.google.firebase:firebase-messaging:23.1.0] AndroidManifest.xml:34:13-73
257            <intent-filter>
257-->[:firebase_messaging] AndroidManifest.xml:30:13-32:29
258                <action android:name="com.google.android.c2dm.intent.RECEIVE" />
258-->[:firebase_messaging] AndroidManifest.xml:31:17-81
258-->[:firebase_messaging] AndroidManifest.xml:31:25-78
259            </intent-filter>
260        </receiver>
261        <!--
262             FirebaseMessagingService performs security checks at runtime,
263             but set to not exported to explicitly avoid allowing another app to call it.
264        -->
265        <service
265-->[com.google.firebase:firebase-messaging:23.1.0] AndroidManifest.xml:44:9-51:19
266            android:name="com.google.firebase.messaging.FirebaseMessagingService"
266-->[com.google.firebase:firebase-messaging:23.1.0] AndroidManifest.xml:45:13-82